TN:
SF:src/calculator.ts
FN:4,(anonymous_0)
FN:5,(anonymous_1)
FN:8,(anonymous_2)
FN:12,(anonymous_3)
FN:13,(anonymous_4)
FN:16,(anonymous_5)
FN:23,(anonymous_6)
FN:26,(anonymous_7)
FN:33,(anonymous_8)
FNF:9
FNH:9
FNDA:4,(anonymous_0)
FNDA:8,(anonymous_1)
FNDA:2,(anonymous_2)
FNDA:3,(anonymous_3)
FNDA:4,(anonymous_4)
FNDA:2,(anonymous_5)
FNDA:2,(anonymous_6)
FNDA:4,(anonymous_7)
FNDA:2,(anonymous_8)
DA:5,8
DA:9,2
DA:13,4
DA:17,2
DA:18,1
DA:20,1
DA:24,2
DA:25,2
DA:26,4
DA:27,1
DA:29,1
DA:34,2
DA:35,2
DA:36,2
DA:38,1
LF:15
LH:15
BRDA:17,0,0,1
BRDA:17,0,1,1
BRF:2
BRH:2
end_of_record
